[0.019s] Invoking command in '/home/dan/train/train/MA_training/MA_train_for_ros/ros2/build/serial_example': CMAKE_PREFIX_PATH=${CMAKE_PREFIX_PATH}:/opt/ros/humble /usr/bin/cmake /home/dan/train/train/MA_training/MA_train_for_ros/ros2/src/serial_example -DCMAKE_INSTALL_PREFIX=/home/dan/train/train/MA_training/MA_train_for_ros/ros2/install/serial_example
[0.077s] -- The C compiler identification is GNU 11.4.0
[0.138s] -- The CXX compiler identification is GNU 11.4.0
[0.147s] -- Detecting C compiler ABI info
[0.216s] -- Detecting C compiler ABI info - done
[0.225s] -- Check for working C compiler: /usr/bin/cc - skipped
[0.225s] -- Detecting C compile features
[0.225s] -- Detecting C compile features - done
[0.228s] -- Detecting CXX compiler ABI info
[0.304s] -- Detecting CXX compiler ABI info - done
[0.311s] -- Check for working CXX compiler: /usr/bin/c++ - skipped
[0.311s] -- Detecting CXX compile features
[0.311s] -- Detecting CXX compile features - done
[0.313s] -- Found ament_cmake: 1.3.5 (/opt/ros/humble/share/ament_cmake/cmake)
[0.485s] -- Found Python3: /usr/bin/python3.10 (found version "3.10.12") found components: Interpreter 
[0.583s] -- Found rclcpp: 16.0.4 (/opt/ros/humble/share/rclcpp/cmake)
[0.621s] -- Found rosidl_generator_c: 3.1.4 (/opt/ros/humble/share/rosidl_generator_c/cmake)
[0.626s] -- Found rosidl_adapter: 3.1.4 (/opt/ros/humble/share/rosidl_adapter/cmake)
[0.636s] -- Found rosidl_generator_cpp: 3.1.4 (/opt/ros/humble/share/rosidl_generator_cpp/cmake)
[0.649s] -- Using all available rosidl_typesupport_c: rosidl_typesupport_fastrtps_c;rosidl_typesupport_introspection_c
[0.665s] -- Using all available rosidl_typesupport_cpp: rosidl_typesupport_fastrtps_cpp;rosidl_typesupport_introspection_cpp
[0.731s] -- Found rmw_implementation_cmake: 6.1.1 (/opt/ros/humble/share/rmw_implementation_cmake/cmake)
[0.734s] -- Found rmw_fastrtps_cpp: 6.2.2 (/opt/ros/humble/share/rmw_fastrtps_cpp/cmake)
[0.844s] -- Found OpenSSL: /usr/lib/x86_64-linux-gnu/libcrypto.so (found version "3.0.2")  
[0.870s] -- Found FastRTPS: /opt/ros/humble/include  
[0.916s] -- Using RMW implementation 'rmw_fastrtps_cpp' as default
[0.929s] -- Looking for pthread.h
[1.004s] -- Looking for pthread.h - found
[1.004s] -- Performing Test CMAKE_HAVE_LIBC_PTHREAD
[1.089s] -- Performing Test CMAKE_HAVE_LIBC_PTHREAD - Success
[1.090s] -- Found Threads: TRUE  
[1.245s] -- Found serial_driver: 1.2.0 (/opt/ros/humble/share/serial_driver/cmake)
[1.481s] -- Found ament_lint_auto: 0.12.6 (/opt/ros/humble/share/ament_lint_auto/cmake)
[1.572s] -- Added test 'cppcheck' to perform static code analysis on C / C++ code
[1.572s] -- Configured cppcheck include dirs: /home/dan/train/train/MA_training/MA_train_for_ros/ros2/src/serial_example/include
[1.572s] -- Configured cppcheck exclude dirs and/or files: 
[1.573s] -- Added test 'lint_cmake' to check CMake code style
[1.574s] -- Added test 'uncrustify' to check C / C++ code style
[1.574s] -- Configured uncrustify additional arguments: 
[1.574s] -- Added test 'xmllint' to check XML markup files
[1.576s] -- Configuring done
[1.592s] -- Generating done
[1.593s] -- Build files have been written to: /home/dan/train/train/MA_training/MA_train_for_ros/ros2/build/serial_example
[1.612s] Invoked command in '/home/dan/train/train/MA_training/MA_train_for_ros/ros2/build/serial_example' returned '0': CMAKE_PREFIX_PATH=${CMAKE_PREFIX_PATH}:/opt/ros/humble /usr/bin/cmake /home/dan/train/train/MA_training/MA_train_for_ros/ros2/src/serial_example -DCMAKE_INSTALL_PREFIX=/home/dan/train/train/MA_training/MA_train_for_ros/ros2/install/serial_example
[1.614s] Invoking command in '/home/dan/train/train/MA_training/MA_train_for_ros/ros2/build/serial_example': CMAKE_PREFIX_PATH=${CMAKE_PREFIX_PATH}:/opt/ros/humble /usr/bin/cmake --build /home/dan/train/train/MA_training/MA_train_for_ros/ros2/build/serial_example -- -j16 -l16
[1.661s] [ 50%] [32mBuilding CXX object CMakeFiles/SERIAL_DEMO.dir/src/serial_example.cpp.o[0m
[4.166s] [01m[K/home/dan/train/train/MA_training/MA_train_for_ros/ros2/src/serial_example/src/serial_example.cpp:[m[K In member function â€˜[01m[Kvoid SerialPortNode::readCallback()[m[Kâ€™:
[4.166s] [01m[K/home/dan/train/train/MA_training/MA_train_for_ros/ros2/src/serial_example/src/serial_example.cpp:28:29:[m[K [01;31m[Kerror: [m[Kâ€˜[01m[Kusing element_type = class drivers::serial_driver::SerialDriver[m[Kâ€™ {aka â€˜[01m[Kclass drivers::serial_driver::SerialDriver[m[Kâ€™} has no member named â€˜[01m[Kread[m[Kâ€™
[4.166s]    28 |         if (serial_driver_->[01;31m[Kread[m[K(data))
[4.166s]       |                             [01;31m[K^~~~[m[K
[4.511s] In file included from [01m[K/usr/include/x86_64-linux-gnu/c++/11/bits/c++allocator.h:33[m[K,
[4.512s]                  from [01m[K/usr/include/c++/11/bits/allocator.h:46[m[K,
[4.512s]                  from [01m[K/usr/include/c++/11/memory:64[m[K,
[4.512s]                  from [01m[K/home/dan/train/train/MA_training/MA_train_for_ros/ros2/src/serial_example/src/serial_example.cpp:2[m[K:
[4.512s] /usr/include/c++/11/ext/new_allocator.h: In instantiation of â€˜[01m[Kvoid __gnu_cxx::new_allocator<_Tp>::construct(_Up*, _Args&& ...) [with _Up = drivers::serial_driver::SerialDriver; _Args = {}; _Tp = drivers::serial_driver::SerialDriver][m[Kâ€™:
[4.512s] [01m[K/usr/include/c++/11/bits/alloc_traits.h:516:17:[m[K   required from â€˜[01m[Kstatic void std::allocator_traits<std::allocator<_Tp1> >::construct(std::allocator_traits<std::allocator<_Tp1> >::allocator_type&, _Up*, _Args&& ...) [with _Up = drivers::serial_driver::SerialDriver; _Args = {}; _Tp = drivers::serial_driver::SerialDriver; std::allocator_traits<std::allocator<_Tp1> >::allocator_type = std::allocator<drivers::serial_driver::SerialDriver>][m[Kâ€™
[4.512s] [01m[K/usr/include/c++/11/bits/shared_ptr_base.h:519:39:[m[K   required from â€˜[01m[Kstd::_Sp_counted_ptr_inplace<_Tp, _Alloc, _Lp>::_Sp_counted_ptr_inplace(_Alloc, _Args&& ...) [with _Args = {}; _Tp = drivers::serial_driver::SerialDriver; _Alloc = std::allocator<drivers::serial_driver::SerialDriver>; __gnu_cxx::_Lock_policy _Lp = __gnu_cxx::_S_atomic][m[Kâ€™
[4.512s] [01m[K/usr/include/c++/11/bits/shared_ptr_base.h:650:16:[m[K   required from â€˜[01m[Kstd::__shared_count<_Lp>::__shared_count(_Tp*&, std::_Sp_alloc_shared_tag<_Alloc>, _Args&& ...) [with _Tp = drivers::serial_driver::SerialDriver; _Alloc = std::allocator<drivers::serial_driver::SerialDriver>; _Args = {}; __gnu_cxx::_Lock_policy _Lp = __gnu_cxx::_S_atomic][m[Kâ€™
[4.513s] [01m[K/usr/include/c++/11/bits/shared_ptr_base.h:1342:14:[m[K   required from â€˜[01m[Kstd::__shared_ptr<_Tp, _Lp>::__shared_ptr(std::_Sp_alloc_shared_tag<_Tp>, _Args&& ...) [with _Alloc = std::allocator<drivers::serial_driver::SerialDriver>; _Args = {}; _Tp = drivers::serial_driver::SerialDriver; __gnu_cxx::_Lock_policy _Lp = __gnu_cxx::_S_atomic][m[Kâ€™
[4.513s] [01m[K/usr/include/c++/11/bits/shared_ptr.h:409:59:[m[K   required from â€˜[01m[Kstd::shared_ptr<_Tp>::shared_ptr(std::_Sp_alloc_shared_tag<_Tp>, _Args&& ...) [with _Alloc = std::allocator<drivers::serial_driver::SerialDriver>; _Args = {}; _Tp = drivers::serial_driver::SerialDriver][m[Kâ€™
[4.513s] [01m[K/usr/include/c++/11/bits/shared_ptr.h:862:14:[m[K   required from â€˜[01m[Kstd::shared_ptr<_Tp> std::allocate_shared(const _Alloc&, _Args&& ...) [with _Tp = drivers::serial_driver::SerialDriver; _Alloc = std::allocator<drivers::serial_driver::SerialDriver>; _Args = {}][m[Kâ€™
[4.513s] [01m[K/usr/include/c++/11/bits/shared_ptr.h:878:39:[m[K   required from â€˜[01m[Kstd::shared_ptr<_Tp> std::make_shared(_Args&& ...) [with _Tp = drivers::serial_driver::SerialDriver; _Args = {}][m[Kâ€™
[4.513s] [01m[K/home/dan/train/train/MA_training/MA_train_for_ros/ros2/src/serial_example/src/serial_example.cpp:15:80:[m[K   required from here
[4.513s] [01m[K/usr/include/c++/11/ext/new_allocator.h:162:11:[m[K [01;31m[Kerror: [m[Kno matching function for call to â€˜[01m[Kdrivers::serial_driver::SerialDriver::SerialDriver()[m[Kâ€™
[4.513s]   162 |         { [01;31m[K::new((void *)__p) _Up(std::forward<_Args>(__args)...)[m[K; }
[4.514s]       |           [01;31m[K^~~~~~~~~~~~~~~~~~~~~~~~~~~~~~~~~~~~~~~~~~~~~~~~~~~~~~[m[K
[4.514s] In file included from [01m[K/home/dan/train/train/MA_training/MA_train_for_ros/ros2/src/serial_example/src/serial_example.cpp:7[m[K:
[4.514s] [01m[K/opt/ros/humble/include/serial_driver/serial_driver.hpp:32:12:[m[K [01;36m[Knote: [m[Kcandidate: â€˜[01m[Kdrivers::serial_driver::SerialDriver::SerialDriver(const drivers::common::IoContext&)[m[Kâ€™
[4.514s]    32 |   explicit [01;36m[KSerialDriver[m[K(const IoContext & ctx);
[4.514s]       |            [01;36m[K^~~~~~~~~~~~[m[K
[4.514s] [01m[K/opt/ros/humble/include/serial_driver/serial_driver.hpp:32:12:[m[K [01;36m[Knote: [m[K  candidate expects 1 argument, 0 provided
[4.515s] [01m[K/opt/ros/humble/include/serial_driver/serial_driver.hpp:29:7:[m[K [01;36m[Knote: [m[Kcandidate: â€˜[01m[Kdrivers::serial_driver::SerialDriver::SerialDriver(const drivers::serial_driver::SerialDriver&)[m[Kâ€™
[4.515s]    29 | class [01;36m[KSerialDriver[m[K
[4.515s]       |       [01;36m[K^~~~~~~~~~~~[m[K
[4.515s] [01m[K/opt/ros/humble/include/serial_driver/serial_driver.hpp:29:7:[m[K [01;36m[Knote: [m[K  candidate expects 1 argument, 0 provided
[4.515s] [01m[K/opt/ros/humble/include/serial_driver/serial_driver.hpp:29:7:[m[K [01;36m[Knote: [m[Kcandidate: â€˜[01m[Kdrivers::serial_driver::SerialDriver::SerialDriver(drivers::serial_driver::SerialDriver&&)[m[Kâ€™
[4.515s] [01m[K/opt/ros/humble/include/serial_driver/serial_driver.hpp:29:7:[m[K [01;36m[Knote: [m[K  candidate expects 1 argument, 0 provided
[4.617s] gmake[2]: *** [CMakeFiles/SERIAL_DEMO.dir/build.make:76: CMakeFiles/SERIAL_DEMO.dir/src/serial_example.cpp.o] Error 1
[4.618s] gmake[1]: *** [CMakeFiles/Makefile2:137: CMakeFiles/SERIAL_DEMO.dir/all] Error 2
[4.618s] gmake: *** [Makefile:146: all] Error 2
[4.621s] Invoked command in '/home/dan/train/train/MA_training/MA_train_for_ros/ros2/build/serial_example' returned '2': CMAKE_PREFIX_PATH=${CMAKE_PREFIX_PATH}:/opt/ros/humble /usr/bin/cmake --build /home/dan/train/train/MA_training/MA_train_for_ros/ros2/build/serial_example -- -j16 -l16
