[35m[1mConsolidate compiler generated dependencies of target SERIAL_DEMO[0m
[ 50%] [32mBuilding CXX object CMakeFiles/SERIAL_DEMO.dir/src/serial_example.cpp.o[0m
[01m[K/home/dan/train/train/MA_training/MA_train_for_ros/ros2/src/serial_example/src/serial_example.cpp:[m[K In member function â€˜[01m[Kvoid SerialPortNode::readCallback()[m[Kâ€™:
[01m[K/home/dan/train/train/MA_training/MA_train_for_ros/ros2/src/serial_example/src/serial_example.cpp:60:29:[m[K [01;31m[Kerror: [m[Kâ€˜[01m[Kclass drivers::serial_driver::SerialDriver[m[Kâ€™ has no member named â€˜[01m[Kread[m[Kâ€™
   60 |         if (serial_driver_->[01;31m[Kread[m[K(data))
      |                             [01;31m[K^~~~[m[K
gmake[2]: *** [CMakeFiles/SERIAL_DEMO.dir/build.make:76: CMakeFiles/SERIAL_DEMO.dir/src/serial_example.cpp.o] Error 1
gmake[1]: *** [CMakeFiles/Makefile2:137: CMakeFiles/SERIAL_DEMO.dir/all] Error 2
gmake: *** [Makefile:146: all] Error 2
